<?xml version="1.0" encoding="UTF-8"?>
<!-- Generated by org.testng.reporters.JUnitReportReporter -->
<testsuite skipped="0" hostname="PATAS07-5520" name="nonXml.fileExistence.testSuite.MigrationFileExistenceUtilTests" tests="3" failures="0" timestamp="28 Feb 2018 10:52:02 GMT" time="0.022" errors="0">
  <testcase name="verify_ALM_Unchanged_properties_Files" time="0.000" classname="nonXml.fileExistence.testSuite.MigrationFileExistenceUtilTests"/>
  <testcase name="verify_ALM_Depreciated_properties_Files" time="0.000" classname="nonXml.fileExistence.testSuite.MigrationFileExistenceUtilTests"/>
  <testcase name="verify_ALM_Addtional_properties_Files" time="0.022" classname="nonXml.fileExistence.testSuite.MigrationFileExistenceUtilTests"/>
</testsuite> <!-- nonXml.fileExistence.testSuite.MigrationFileExistenceUtilTests -->
