<?xml version="1.0" encoding="UTF-8"?>
<!-- Generated by org.testng.reporters.JUnitReportReporter -->
<testsuite skipped="10" hostname="PATAS07-5520" name="nonXml.fileComparision.testSuite.MigrationUtilFileComTests" tests="11" failures="1" timestamp="03 Mar 2018 17:09:04 GMT" time="1.056" errors="0">
  <testcase name="verify_ALM_UnchangedFileComaprision_properties" time="1.056" classname="nonXml.fileComparision.testSuite.MigrationUtilFileComTests">
    <failure type="java.lang.AssertionError" message="The Files are NOT equal">
      <![CDATA[java.lang.AssertionError: The Files are NOT equal
	at org.junit.Assert.fail(Assert.java:88)
	at org.junit.Assert.assertTrue(Assert.java:41)
	at org.junit.Assert.assertFalse(Assert.java:64)
	at nonXml.fileComparision.postUpgrade.util.PostUpgradeUtil.unchangedPropComparisonLinux(PostUpgradeUtil.java:749)
	at nonXml.fileComparision.testSuite.MigrationUtilFileComTests.verify_ALM_UnchangedFileComaprision_properties(MigrationUtilFileComTests.java:133)
	at sun.reflect.NativeMethodAccessorImpl.invoke0(Native Method)
	at sun.reflect.NativeMethodAccessorImpl.invoke(Unknown Source)
	at sun.reflect.DelegatingMethodAccessorImpl.invoke(Unknown Source)
	at java.lang.reflect.Method.invoke(Unknown Source)
	at org.testng.internal.MethodInvocationHelper.invokeMethod(MethodInvocationHelper.java:108)
	at org.testng.internal.Invoker.invokeMethod(Invoker.java:661)
	at org.testng.internal.Invoker.invokeTestMethod(Invoker.java:869)
	at org.testng.internal.Invoker.invokeTestMethods(Invoker.java:1193)
	at org.testng.internal.TestMethodWorker.invokeTestMethods(TestMethodWorker.java:126)
	at org.testng.internal.TestMethodWorker.run(TestMethodWorker.java:109)
	at org.testng.TestRunner.privateRun(TestRunner.java:744)
	at org.testng.TestRunner.run(TestRunner.java:602)
	at org.testng.SuiteRunner.runTest(SuiteRunner.java:380)
	at org.testng.SuiteRunner.runSequentially(SuiteRunner.java:375)
	at org.testng.SuiteRunner.privateRun(SuiteRunner.java:340)
	at org.testng.SuiteRunner.run(SuiteRunner.java:289)
	at org.testng.SuiteRunnerWorker.runSuite(SuiteRunnerWorker.java:52)
	at org.testng.SuiteRunnerWorker.run(SuiteRunnerWorker.java:86)
	at org.testng.TestNG.runSuitesSequentially(TestNG.java:1301)
	at org.testng.TestNG.runSuitesLocally(TestNG.java:1226)
	at org.testng.TestNG.runSuites(TestNG.java:1144)
	at org.testng.TestNG.run(TestNG.java:1115)
	at org.testng.remote.AbstractRemoteTestNG.run(AbstractRemoteTestNG.java:114)
	at org.testng.remote.RemoteTestNG.initAndRun(RemoteTestNG.java:251)
	at org.testng.remote.RemoteTestNG.main(RemoteTestNG.java:77)
]]>
    </failure>
  </testcase> <!-- verify_ALM_UnchangedFileComaprision_properties -->
  <testcase name="verify_ALM_FileComaprision_properties_BaseDPDV_CurrentNULL_Migration_NULL" classname="nonXml.fileComparision.testSuite.MigrationUtilFileComTests">
    <skipped/>
  </testcase> <!-- verify_ALM_FileComaprision_properties_BaseDPDV_CurrentNULL_Migration_NULL -->
  <testcase name="verify_ALM_FileComaprision_properties_Base_Current_Migration_DefaultValue" classname="nonXml.fileComparision.testSuite.MigrationUtilFileComTests">
    <skipped/>
  </testcase> <!-- verify_ALM_FileComaprision_properties_Base_Current_Migration_DefaultValue -->
  <testcase name="verify_ALM_FileComaprision_properties_BaseAddNewCV_CurrentNULL_Migration_AddNewCV" classname="nonXml.fileComparision.testSuite.MigrationUtilFileComTests">
    <skipped/>
  </testcase> <!-- verify_ALM_FileComaprision_properties_BaseAddNewCV_CurrentNULL_Migration_AddNewCV -->
  <testcase name="verify_ALM_FileComaprision_properties_BaseCommentCV_CurrentDV_Migration_CommentCV" classname="nonXml.fileComparision.testSuite.MigrationUtilFileComTests">
    <skipped/>
  </testcase> <!-- verify_ALM_FileComaprision_properties_BaseCommentCV_CurrentDV_Migration_CommentCV -->
  <testcase name="verify_ALM_FileComaprision_properties_BaseComment1DV_CurrentComment2DV_Migration_Comment2DV" classname="nonXml.fileComparision.testSuite.MigrationUtilFileComTests">
    <skipped/>
  </testcase> <!-- verify_ALM_FileComaprision_properties_BaseComment1DV_CurrentComment2DV_Migration_Comment2DV -->
  <testcase name="verify_ALM_FileComaprision_properties_BaseCV_CurrentCommentDV_Migration_CommentCV" classname="nonXml.fileComparision.testSuite.MigrationUtilFileComTests">
    <skipped/>
  </testcase> <!-- verify_ALM_FileComaprision_properties_BaseCV_CurrentCommentDV_Migration_CommentCV -->
  <testcase name="verify_ALM_FileComaprision_properties_BaseCV_CurrentDVNDV_Migration_CV" classname="nonXml.fileComparision.testSuite.MigrationUtilFileComTests">
    <skipped/>
  </testcase> <!-- verify_ALM_FileComaprision_properties_BaseCV_CurrentDVNDV_Migration_CV -->
  <testcase name="verify_ALM_FileComaprision_properties_BaseHPCV_CurrentNULL_Migration_HPCV" classname="nonXml.fileComparision.testSuite.MigrationUtilFileComTests">
    <skipped/>
  </testcase> <!-- verify_ALM_FileComaprision_properties_BaseHPCV_CurrentNULL_Migration_HPCV -->
  <testcase name="verify_ALM_FileComaprision_properties_BaseDV_CurrentNDV_Migration_NDV" classname="nonXml.fileComparision.testSuite.MigrationUtilFileComTests">
    <skipped/>
  </testcase> <!-- verify_ALM_FileComaprision_properties_BaseDV_CurrentNDV_Migration_NDV -->
  <testcase name="verify_ALM_FileComaprision_properties_BaseNULL_CurrentNDV_Migration_NDV" classname="nonXml.fileComparision.testSuite.MigrationUtilFileComTests">
    <skipped/>
  </testcase> <!-- verify_ALM_FileComaprision_properties_BaseNULL_CurrentNDV_Migration_NDV -->
</testsuite> <!-- nonXml.fileComparision.testSuite.MigrationUtilFileComTests -->
