<?xml version="1.0" encoding="UTF-8"?>
<!-- Generated by org.testng.reporters.JUnitReportReporter -->
<testsuite skipped="0" hostname="PATAS07-5520" name="nonXml.fileModification.testSuite.MigrationFileModificationUtilTests" tests="10" failures="0" timestamp="28 Feb 2018 10:50:43 GMT" time="0.284" errors="0">
  <testcase name="verify_ALM_preUpgrade_BaseCommentLine1DV_CurrentCommentLine2DV" time="0.015" classname="nonXml.fileModification.testSuite.MigrationFileModificationUtilTests"/>
  <testcase name="verify_ALM_preUpgrade_BaseCV_CurrentCommentDV" time="0.078" classname="nonXml.fileModification.testSuite.MigrationFileModificationUtilTests"/>
  <testcase name="verify_ALM_preUpgrade_BaseAddNewCV_CurrentNull" time="0.000" classname="nonXml.fileModification.testSuite.MigrationFileModificationUtilTests"/>
  <testcase name="verify_ALM_preUpgrade_BaseNULL_CurrentNDV" time="0.031" classname="nonXml.fileModification.testSuite.MigrationFileModificationUtilTests"/>
  <testcase name="verify_ALM_preUpgrade_BaseCommentCV_CurrentDV" time="0.018" classname="nonXml.fileModification.testSuite.MigrationFileModificationUtilTests"/>
  <testcase name="verify_ALM_preUpgrade_BaseDPDV_CurrentNULL" time="0.047" classname="nonXml.fileModification.testSuite.MigrationFileModificationUtilTests"/>
  <testcase name="verify_ALM_preUpgrade_BaseHPCV_CurrentNULL" time="0.038" classname="nonXml.fileModification.testSuite.MigrationFileModificationUtilTests"/>
  <testcase name="verify_ALM_preUpgrade_BaseCV_CurrentDVNDV" time="0.019" classname="nonXml.fileModification.testSuite.MigrationFileModificationUtilTests"/>
  <testcase name="verify_ALM_preUpgrade_AddNewFile_BaseVersion" time="0.038" classname="nonXml.fileModification.testSuite.MigrationFileModificationUtilTests"/>
  <testcase name="verify_ALM_preUpgrade_BaseDV_CurrentNDV" time="0.000" classname="nonXml.fileModification.testSuite.MigrationFileModificationUtilTests"/>
</testsuite> <!-- nonXml.fileModification.testSuite.MigrationFileModificationUtilTests -->
