<?xml version="1.0" encoding="UTF-8"?>
<!-- Generated by org.testng.reporters.JUnitReportReporter -->
<testsuite skipped="10" hostname="PATAS07-5520" name="nonXml.fileComparision.testSuite.MigrationUtilFileComTests" tests="11" failures="0" timestamp="04 Mar 2018 17:39:58 GMT" time="1.215" errors="0">
  <testcase name="verify_ALM_FileComaprision_properties_BaseDPDV_CurrentNULL_Migration_NULL" time="1.215" classname="nonXml.fileComparision.testSuite.MigrationUtilFileComTests"/>
  <testcase name="verify_ALM_FileComaprision_properties_Base_Current_Migration_DefaultValue" classname="nonXml.fileComparision.testSuite.MigrationUtilFileComTests">
    <skipped/>
  </testcase> <!-- verify_ALM_FileComaprision_properties_Base_Current_Migration_DefaultValue -->
  <testcase name="verify_ALM_FileComaprision_properties_BaseAddNewCV_CurrentNULL_Migration_AddNewCV" classname="nonXml.fileComparision.testSuite.MigrationUtilFileComTests">
    <skipped/>
  </testcase> <!-- verify_ALM_FileComaprision_properties_BaseAddNewCV_CurrentNULL_Migration_AddNewCV -->
  <testcase name="verify_ALM_FileComaprision_properties_BaseCommentCV_CurrentDV_Migration_CommentCV" classname="nonXml.fileComparision.testSuite.MigrationUtilFileComTests">
    <skipped/>
  </testcase> <!-- verify_ALM_FileComaprision_properties_BaseCommentCV_CurrentDV_Migration_CommentCV -->
  <testcase name="verify_ALM_FileComaprision_properties_BaseComment1DV_CurrentComment2DV_Migration_Comment2DV" classname="nonXml.fileComparision.testSuite.MigrationUtilFileComTests">
    <skipped/>
  </testcase> <!-- verify_ALM_FileComaprision_properties_BaseComment1DV_CurrentComment2DV_Migration_Comment2DV -->
  <testcase name="verify_ALM_FileComaprision_properties_BaseCV_CurrentCommentDV_Migration_CommentCV" classname="nonXml.fileComparision.testSuite.MigrationUtilFileComTests">
    <skipped/>
  </testcase> <!-- verify_ALM_FileComaprision_properties_BaseCV_CurrentCommentDV_Migration_CommentCV -->
  <testcase name="verify_ALM_FileComaprision_properties_BaseCV_CurrentDVNDV_Migration_CV" classname="nonXml.fileComparision.testSuite.MigrationUtilFileComTests">
    <skipped/>
  </testcase> <!-- verify_ALM_FileComaprision_properties_BaseCV_CurrentDVNDV_Migration_CV -->
  <testcase name="verify_ALM_FileComaprision_properties_BaseHPCV_CurrentNULL_Migration_HPCV" classname="nonXml.fileComparision.testSuite.MigrationUtilFileComTests">
    <skipped/>
  </testcase> <!-- verify_ALM_FileComaprision_properties_BaseHPCV_CurrentNULL_Migration_HPCV -->
  <testcase name="verify_ALM_FileComaprision_properties_BaseDV_CurrentNDV_Migration_NDV" classname="nonXml.fileComparision.testSuite.MigrationUtilFileComTests">
    <skipped/>
  </testcase> <!-- verify_ALM_FileComaprision_properties_BaseDV_CurrentNDV_Migration_NDV -->
  <testcase name="verify_ALM_FileComaprision_properties_BaseNULL_CurrentNDV_Migration_NDV" classname="nonXml.fileComparision.testSuite.MigrationUtilFileComTests">
    <skipped/>
  </testcase> <!-- verify_ALM_FileComaprision_properties_BaseNULL_CurrentNDV_Migration_NDV -->
  <testcase name="verify_ALM_UnchangedFileComaprision_properties" classname="nonXml.fileComparision.testSuite.MigrationUtilFileComTests">
    <skipped/>
  </testcase> <!-- verify_ALM_UnchangedFileComaprision_properties -->
</testsuite> <!-- nonXml.fileComparision.testSuite.MigrationUtilFileComTests -->
