<?xml version="1.0" encoding="UTF-8"?>
<testsuite name="TestSuite" time="0.854" tests="1" errors="0" skipped="0" failures="1">
  <properties>
    <property name="java.runtime.name" value="Java(TM) SE Runtime Environment"/>
    <property name="sun.boot.library.path" value="C:\Program Files\Java\jdk1.8.0_152\jre\bin"/>
    <property name="java.vm.version" value="25.152-b16"/>
    <property name="java.vm.vendor" value="Oracle Corporation"/>
    <property name="maven.multiModuleProjectDirectory" value="C:\Users\patas07\Desktop\MyData\LearnAutomation\ExtraAutomation\ca.migration"/>
    <property name="java.vendor.url" value="http://java.oracle.com/"/>
    <property name="path.separator" value=";"/>
    <property name="guice.disable.misplaced.annotation.check" value="true"/>
    <property name="java.vm.name" value="Java HotSpot(TM) 64-Bit Server VM"/>
    <property name="file.encoding.pkg" value="sun.io"/>
    <property name="user.script" value=""/>
    <property name="user.country" value="US"/>
    <property name="sun.java.launcher" value="SUN_STANDARD"/>
    <property name="sun.os.patch.level" value=""/>
    <property name="java.vm.specification.name" value="Java Virtual Machine Specification"/>
    <property name="user.dir" value="C:\Users\patas07\Desktop\MyData\LearnAutomation\ExtraAutomation\ca.migration"/>
    <property name="java.runtime.version" value="1.8.0_152-b16"/>
    <property name="java.awt.graphicsenv" value="sun.awt.Win32GraphicsEnvironment"/>
    <property name="java.endorsed.dirs" value="C:\Program Files\Java\jdk1.8.0_152\jre\lib\endorsed"/>
    <property name="os.arch" value="amd64"/>
    <property name="java.io.tmpdir" value="C:\Users\patas07\AppData\Local\Temp\"/>
    <property name="line.separator" value="&#10;"/>
    <property name="java.vm.specification.vendor" value="Oracle Corporation"/>
    <property name="user.variant" value=""/>
    <property name="os.name" value="Windows 10"/>
    <property name="classworlds.conf" value="C:\Users\patas07\Desktop\MyData\LearnAutomation\ExtraAutomation\.metadata\.plugins\org.eclipse.m2e.launching\launches\m2conf1884450890984342486.tmp"/>
    <property name="sun.jnu.encoding" value="Cp1252"/>
    <property name="java.library.path" value="C:\Program Files\Java\jdk1.8.0_152\bin;C:\Windows\Sun\Java\bin;C:\Windows\system32;C:\Windows;C:/Program Files/Java/jre1.8.0_161/bin/server;C:/Program Files/Java/jre1.8.0_161/bin;C:/Program Files/Java/jre1.8.0_161/lib/amd64;C:\ProgramData\Oracle\Java\javapath;C:\Windows\system32;C:\Windows;C:\Windows\System32\Wbem;C:\Windows\System32\WindowsPowerShell\v1.0\;C:\Program Files (x86)\Skype\Phone\;C:\Program Files\Java\jdk1.8.0_152\bin;C:\Program Files\TortoiseHg\;C:\apache-maven-3.2.1\bin;C:\Program Files\OpenVPN\bin;C:\Users\patas07\AppData\Local\Microsoft\WindowsApps;;C:\Users\patas07\Desktop\MyData\LearnAutomation\Tools\eclipse-jee-oxygen-2-win32-x86_64\eclipse;;."/>
    <property name="java.specification.name" value="Java Platform API Specification"/>
    <property name="java.class.version" value="52.0"/>
    <property name="sun.management.compiler" value="HotSpot 64-Bit Tiered Compilers"/>
    <property name="os.version" value="10.0"/>
    <property name="user.home" value="C:\Users\patas07"/>
    <property name="user.timezone" value="Asia/Calcutta"/>
    <property name="java.awt.printerjob" value="sun.awt.windows.WPrinterJob"/>
    <property name="java.specification.version" value="1.8"/>
    <property name="file.encoding" value="Cp1252"/>
    <property name="user.name" value="patas07"/>
    <property name="java.class.path" value="C:\Users\patas07\Desktop\MyData\LearnAutomation\Tools\eclipse-jee-oxygen-2-win32-x86_64\eclipse\plugins\org.eclipse.m2e.maven.runtime_1.8.2.20171007-0216\jars\plexus-classworlds-2.5.2.jar"/>
    <property name="java.vm.specification.version" value="1.8"/>
    <property name="sun.arch.data.model" value="64"/>
    <property name="java.home" value="C:\Program Files\Java\jdk1.8.0_152\jre"/>
    <property name="sun.java.command" value="org.codehaus.plexus.classworlds.launcher.Launcher -Pregion.na-scx -B install"/>
    <property name="java.specification.vendor" value="Oracle Corporation"/>
    <property name="user.language" value="en"/>
    <property name="awt.toolkit" value="sun.awt.windows.WToolkit"/>
    <property name="java.vm.info" value="mixed mode"/>
    <property name="java.version" value="1.8.0_152"/>
    <property name="java.ext.dirs" value="C:\Program Files\Java\jdk1.8.0_152\jre\lib\ext;C:\Windows\Sun\Java\lib\ext"/>
    <property name="sun.boot.class.path" value="C:\Program Files\Java\jdk1.8.0_152\jre\lib\resources.jar;C:\Program Files\Java\jdk1.8.0_152\jre\lib\rt.jar;C:\Program Files\Java\jdk1.8.0_152\jre\lib\sunrsasign.jar;C:\Program Files\Java\jdk1.8.0_152\jre\lib\jsse.jar;C:\Program Files\Java\jdk1.8.0_152\jre\lib\jce.jar;C:\Program Files\Java\jdk1.8.0_152\jre\lib\charsets.jar;C:\Program Files\Java\jdk1.8.0_152\jre\lib\jfr.jar;C:\Program Files\Java\jdk1.8.0_152\jre\classes"/>
    <property name="java.vendor" value="Oracle Corporation"/>
    <property name="maven.home" value="C:\Users\patas07\Desktop\MyData\LearnAutomation\ExtraAutomation\ca.migration\EMBEDDED"/>
    <property name="file.separator" value="\"/>
    <property name="java.vendor.url.bug" value="http://bugreport.sun.com/bugreport/"/>
    <property name="sun.cpu.endian" value="little"/>
    <property name="sun.io.unicode.encoding" value="UnicodeLittle"/>
    <property name="sun.desktop" value="windows"/>
    <property name="sun.cpu.isalist" value="amd64"/>
  </properties>
  <testcase name="verify_ALM_preUpgrade_BaseAddNewCV_CurrentNull" classname="nonXml.fileModification.testSuite.MigrationFileModificationUtilTests" time="0.854">
    <failure message="The key is already present " type="java.lang.AssertionError">java.lang.AssertionError: The key is already present 
	at org.junit.Assert.fail(Assert.java:88)
	at org.junit.Assert.assertTrue(Assert.java:41)
	at org.junit.Assert.assertFalse(Assert.java:64)
	at nonXml.fileComparision.preUpgrade.util.DefaultPropUtil.addUpdatePropertyLinux(DefaultPropUtil.java:353)
	at nonXml.fileModification.testSuite.MigrationFileModificationUtilTests.verify_ALM_preUpgrade_BaseAddNewCV_CurrentNull(MigrationFileModificationUtilTests.java:114)
</failure>
    <system-out><![CDATA[2018-02-27 21:46:11 INFO  MigrationFileModificationUtilTests:47 - Test Case execution started
2018-02-27 21:46:11 INFO  PreCheckFiles:22 - Start pre-upgrade tasks...
2018-02-27 21:46:11 INFO  FileVerification:69 - Returned the number of input files required by....3
2018-02-27 21:46:11 INFO  PreCheckFiles:28 - You have selected OS type as : Linux
2018-02-27 21:46:11 INFO  PreCheckFiles:42 - Pre-upgrade tasks are done
2018-02-27 21:46:11 INFO  LinuxUtils:44 - Connected to the linux server successfully...
2018-02-27 21:46:11 INFO  MigrationFileModificationUtilTests:99 - Verify the file IntroscopeEnterpriseManager.properties is present in the base EM home directory
Home path is : /root/Introscope10.0.0.36
Returned path: /root/Introscope10.0.0.36/config
2018-02-27 21:46:12 INFO  MigrationFileModificationUtilTests:103 - Base file location is: /root/Introscope10.0.0.36/config/IntroscopeEnterpriseManager.properties
2018-02-27 21:46:12 INFO  MigrationFileModificationUtilTests:112 - Files exists in the base directory, hence going to add a new property
2018-02-27 21:46:12 INFO  DefaultPropUtil:330 - You have entered the file /root/Introscope10.0.0.36/config/IntroscopeEnterpriseManager.properties to add/update a new/existing property
The no of Keys in the file: [1]
Command is: echo ca.migtration.baseTest=100 >> /root/Introscope10.0.0.36/config/IntroscopeEnterpriseManager.properties
ArrayList size is: 1
2018-02-27 21:46:12 INFO  DefaultPropUtil:352 - The Key is already present, hence not going to add anything...
2018-02-27 21:46:12 INFO  MigrationFileModificationUtilTests:124 - Closing the LINUX/UNIX connection
]]></system-out>
  </testcase>
</testsuite>