<?xml version="1.0" encoding="UTF-8"?>
<!-- Generated by org.testng.reporters.JUnitReportReporter -->
<testsuite skipped="9" hostname="PATAS07-5520" name="nonXml.fileModification.testSuite.MigrationFileModificationUtilTests" tests="10" failures="0" timestamp="26 Feb 2018 13:27:13 GMT" time="0.042" errors="0">
  <testcase name="verify_ALM_preUpgrade_BaseCommentLine1DV_CurrentCommentLine2DV" time="0.042" classname="nonXml.fileModification.testSuite.MigrationFileModificationUtilTests"/>
  <testcase name="verify_ALM_preUpgrade_BaseCV_CurrentCommentDV" classname="nonXml.fileModification.testSuite.MigrationFileModificationUtilTests">
    <skipped/>
  </testcase> <!-- verify_ALM_preUpgrade_BaseCV_CurrentCommentDV -->
  <testcase name="verify_ALM_preUpgrade_AddNewFile_BaseVersion" classname="nonXml.fileModification.testSuite.MigrationFileModificationUtilTests">
    <skipped/>
  </testcase> <!-- verify_ALM_preUpgrade_AddNewFile_BaseVersion -->
  <testcase name="verify_ALM_preUpgrade_BaseAddNewCV_CurrentNull" classname="nonXml.fileModification.testSuite.MigrationFileModificationUtilTests">
    <skipped/>
  </testcase> <!-- verify_ALM_preUpgrade_BaseAddNewCV_CurrentNull -->
  <testcase name="verify_ALM_preUpgrade_BaseCV_CurrentDVNDV" classname="nonXml.fileModification.testSuite.MigrationFileModificationUtilTests">
    <skipped/>
  </testcase> <!-- verify_ALM_preUpgrade_BaseCV_CurrentDVNDV -->
  <testcase name="verify_ALM_preUpgrade_BaseHPCV_CurrentNULL" classname="nonXml.fileModification.testSuite.MigrationFileModificationUtilTests">
    <skipped/>
  </testcase> <!-- verify_ALM_preUpgrade_BaseHPCV_CurrentNULL -->
  <testcase name="verify_ALM_preUpgrade_BaseNULL_CurrentNDV" classname="nonXml.fileModification.testSuite.MigrationFileModificationUtilTests">
    <skipped/>
  </testcase> <!-- verify_ALM_preUpgrade_BaseNULL_CurrentNDV -->
  <testcase name="verify_ALM_preUpgrade_BaseDV_CurrentNDV" classname="nonXml.fileModification.testSuite.MigrationFileModificationUtilTests">
    <skipped/>
  </testcase> <!-- verify_ALM_preUpgrade_BaseDV_CurrentNDV -->
  <testcase name="verify_ALM_preUpgrade_BaseCommentCV_CurrentDV" classname="nonXml.fileModification.testSuite.MigrationFileModificationUtilTests">
    <skipped/>
  </testcase> <!-- verify_ALM_preUpgrade_BaseCommentCV_CurrentDV -->
  <testcase name="verify_ALM_preUpgrade_BaseDPDV_CurrentNULL" classname="nonXml.fileModification.testSuite.MigrationFileModificationUtilTests">
    <skipped/>
  </testcase> <!-- verify_ALM_preUpgrade_BaseDPDV_CurrentNULL -->
</testsuite> <!-- nonXml.fileModification.testSuite.MigrationFileModificationUtilTests -->
