<?xml version="1.0" encoding="UTF-8"?>
<!-- Generated by org.testng.reporters.JUnitReportReporter -->
<testsuite skipped="9" hostname="PATAS07-5520" name="nonXml.fileModification.testSuite.MigrationFileModificationUtilTests" tests="10" failures="1" timestamp="27 Feb 2018 16:16:12 GMT" time="0.838" errors="0">
  <testcase name="verify_ALM_preUpgrade_BaseAddNewCV_CurrentNull" time="0.838" classname="nonXml.fileModification.testSuite.MigrationFileModificationUtilTests">
    <failure type="java.lang.AssertionError" message="The key is already present ">
      <![CDATA[java.lang.AssertionError: The key is already present 
	at org.junit.Assert.fail(Assert.java:88)
	at org.junit.Assert.assertTrue(Assert.java:41)
	at org.junit.Assert.assertFalse(Assert.java:64)
	at nonXml.fileComparision.preUpgrade.util.DefaultPropUtil.addUpdatePropertyLinux(DefaultPropUtil.java:353)
	at nonXml.fileModification.testSuite.MigrationFileModificationUtilTests.verify_ALM_preUpgrade_BaseAddNewCV_CurrentNull(MigrationFileModificationUtilTests.java:114)
	at sun.reflect.NativeMethodAccessorImpl.invoke0(Native Method)
	at sun.reflect.NativeMethodAccessorImpl.invoke(NativeMethodAccessorImpl.java:62)
	at sun.reflect.DelegatingMethodAccessorImpl.invoke(DelegatingMethodAccessorImpl.java:43)
	at java.lang.reflect.Method.invoke(Method.java:498)
	at org.testng.internal.MethodInvocationHelper.invokeMethod(MethodInvocationHelper.java:108)
	at org.testng.internal.Invoker.invokeMethod(Invoker.java:661)
	at org.testng.internal.Invoker.invokeTestMethod(Invoker.java:869)
	at org.testng.internal.Invoker.invokeTestMethods(Invoker.java:1193)
	at org.testng.internal.TestMethodWorker.invokeTestMethods(TestMethodWorker.java:126)
	at org.testng.internal.TestMethodWorker.run(TestMethodWorker.java:109)
	at org.testng.TestRunner.privateRun(TestRunner.java:744)
	at org.testng.TestRunner.run(TestRunner.java:602)
	at org.testng.SuiteRunner.runTest(SuiteRunner.java:380)
	at org.testng.SuiteRunner.runSequentially(SuiteRunner.java:375)
	at org.testng.SuiteRunner.privateRun(SuiteRunner.java:340)
	at org.testng.SuiteRunner.run(SuiteRunner.java:289)
	at org.testng.SuiteRunnerWorker.runSuite(SuiteRunnerWorker.java:52)
	at org.testng.SuiteRunnerWorker.run(SuiteRunnerWorker.java:86)
	at org.testng.TestNG.runSuitesSequentially(TestNG.java:1301)
	at org.testng.TestNG.runSuitesLocally(TestNG.java:1226)
	at org.testng.TestNG.runSuites(TestNG.java:1144)
	at org.testng.TestNG.run(TestNG.java:1115)
	at org.apache.maven.surefire.testng.TestNGExecutor.run(TestNGExecutor.java:293)
	at org.apache.maven.surefire.testng.TestNGXmlTestSuite.execute(TestNGXmlTestSuite.java:84)
	at org.apache.maven.surefire.testng.TestNGProvider.invoke(TestNGProvider.java:91)
	at org.apache.maven.surefire.booter.ForkedBooter.invokeProviderInSameClassLoader(ForkedBooter.java:200)
	at org.apache.maven.surefire.booter.ForkedBooter.runSuitesInProcess(ForkedBooter.java:153)
	at org.apache.maven.surefire.booter.ForkedBooter.main(ForkedBooter.java:103)
]]>
    </failure>
  </testcase> <!-- verify_ALM_preUpgrade_BaseAddNewCV_CurrentNull -->
  <testcase name="verify_ALM_preUpgrade_BaseCV_CurrentCommentDV" classname="nonXml.fileModification.testSuite.MigrationFileModificationUtilTests">
    <skipped/>
  </testcase> <!-- verify_ALM_preUpgrade_BaseCV_CurrentCommentDV -->
  <testcase name="verify_ALM_preUpgrade_AddNewFile_BaseVersion" classname="nonXml.fileModification.testSuite.MigrationFileModificationUtilTests">
    <skipped/>
  </testcase> <!-- verify_ALM_preUpgrade_AddNewFile_BaseVersion -->
  <testcase name="verify_ALM_preUpgrade_BaseCV_CurrentDVNDV" classname="nonXml.fileModification.testSuite.MigrationFileModificationUtilTests">
    <skipped/>
  </testcase> <!-- verify_ALM_preUpgrade_BaseCV_CurrentDVNDV -->
  <testcase name="verify_ALM_preUpgrade_BaseHPCV_CurrentNULL" classname="nonXml.fileModification.testSuite.MigrationFileModificationUtilTests">
    <skipped/>
  </testcase> <!-- verify_ALM_preUpgrade_BaseHPCV_CurrentNULL -->
  <testcase name="verify_ALM_preUpgrade_BaseNULL_CurrentNDV" classname="nonXml.fileModification.testSuite.MigrationFileModificationUtilTests">
    <skipped/>
  </testcase> <!-- verify_ALM_preUpgrade_BaseNULL_CurrentNDV -->
  <testcase name="verify_ALM_preUpgrade_BaseCommentLine1DV_CurrentCommentLine2DV" classname="nonXml.fileModification.testSuite.MigrationFileModificationUtilTests">
    <skipped/>
  </testcase> <!-- verify_ALM_preUpgrade_BaseCommentLine1DV_CurrentCommentLine2DV -->
  <testcase name="verify_ALM_preUpgrade_BaseDV_CurrentNDV" classname="nonXml.fileModification.testSuite.MigrationFileModificationUtilTests">
    <skipped/>
  </testcase> <!-- verify_ALM_preUpgrade_BaseDV_CurrentNDV -->
  <testcase name="verify_ALM_preUpgrade_BaseCommentCV_CurrentDV" classname="nonXml.fileModification.testSuite.MigrationFileModificationUtilTests">
    <skipped/>
  </testcase> <!-- verify_ALM_preUpgrade_BaseCommentCV_CurrentDV -->
  <testcase name="verify_ALM_preUpgrade_BaseDPDV_CurrentNULL" classname="nonXml.fileModification.testSuite.MigrationFileModificationUtilTests">
    <skipped/>
  </testcase> <!-- verify_ALM_preUpgrade_BaseDPDV_CurrentNULL -->
</testsuite> <!-- nonXml.fileModification.testSuite.MigrationFileModificationUtilTests -->
